<?xml version="1.0" encoding="UTF-8"?>
<!-- Generated by org.testng.reporters.JUnitReportReporter -->
<testsuite hostname="DESKTOP-K82IFAH" failures="0" tests="1" name="com.comcast.crm.HMStest.CreateRegisterAdmitAllocateRoom" time="4.101" errors="0" timestamp="27 Jun 2024 12:26:32 GMT" skipped="0">
  <testcase classname="com.comcast.crm.HMStest.CreateRegisterAdmitAllocateRoom" name="CreateRegisterAdmitAllocateRoom" time="4.101"/>
</testsuite> <!-- com.comcast.crm.HMStest.CreateRegisterAdmitAllocateRoom -->
