<?xml version="1.0" encoding="UTF-8"?>
<!-- Generated by org.testng.reporters.JUnitReportReporter -->
<testsuite hostname="DESKTOP-K82IFAH" failures="0" tests="1" name="com.comcast.crm.HMStest.CreatePatientOPDInvoiceTest" time="2.365" errors="0" timestamp="2024-07-01T12:17:06 IST" skipped="0">
  <testcase classname="com.comcast.crm.HMStest.CreatePatientOPDInvoiceTest" name="CreatePatientOPDInvoiceTest" time="2.365">
    <system-out>
      <![CDATA[Navigate to Patient Info Page
Navigated to Patient Information Page
read data from excel
validating the patient name with patient invoice page firstname
Navigate to Patient invoice page
Switching the window
read data medicinecharge  from excel
Enter the data into medicinecharge TextField 
read data  DoctorCharge from excel
Enter the data into medicinecharge TextField 
click on submit button ]]>
    </system-out>
  </testcase> <!-- CreatePatientOPDInvoiceTest -->
  <system-out>
    <![CDATA[Navigate to Patient Info Page
Navigate to Patient Registration page
Read the data from Excel
 Enter The Data Into FirstNmae TextField
 Enter The Data Into LastName TextField
Select OdpPatientDropDown
 Enter The Data Into Address TextField
Enter The Data Into ContactNum TextField
 Enter The Data Into Email TextField
Select GenderDropDown 
Enter The Data Into DOB TextField 
 Select BloodGroupDropDown 
 Click On Submit Button 
Navigate to Patient Info Page
Navigate to Patient Registration Page
Read FirstName data from Excel
Enter the data into firstname TextField
Read LastName data from Excel
Enter the data into Lastname TextField
Select OPDpatient DropDown 
Enter the data into Address TextField 
Enter the data into Phonenum TextField
Enter the data into Email TextField
Select genderDropDown 
Enter the data into Email TextField 
Select genderDropDown 
Click on submit Button 
Navigate to Patient Information page
Validating the patient name with allocating patient fiirstname  
 click on Admitting Patient to Hsptl 
 Read the PartialURL From Excel 
Switch the Window 
Enter The Data Into PatientDisease TextField 
Select the RoomDropDown 
Click On SubMit Button 
Navigate to Patient Info Page
Navigated to Patient Information Page
read data from excel
validating the patient name with patient invoice page firstname
Navigate to Patient invoice page
Switching the window
read data medicinecharge  from excel
Enter the data into medicinecharge TextField 
read data  DoctorCharge from excel
Enter the data into medicinecharge TextField 
click on submit button ]]>
  </system-out>
</testsuite> <!-- com.comcast.crm.HMStest.CreatePatientOPDInvoiceTest -->
