<?xml version="1.0" encoding="UTF-8"?>
<!-- Generated by org.testng.reporters.JUnitReportReporter -->
<testsuite hostname="DESKTOP-K82IFAH" failures="0" tests="1" name="com.comcast.crm.HMStest.PatientRegistrationTest" time="6.541" errors="0" timestamp="2024-07-01T12:19:34 IST" skipped="0">
  <testcase classname="com.comcast.crm.HMStest.PatientRegistrationTest" name="PatientRegistration" time="6.541">
    <system-out>
      <![CDATA[Navigate to Patient Info Page
Navigate to Patient Registration page
Read the data from Excel
 Enter The Data Into FirstNmae TextField
 Enter The Data Into LastName TextField
Select OdpPatientDropDown
 Enter The Data Into Address TextField
Enter The Data Into ContactNum TextField
 Enter The Data Into Email TextField
Select GenderDropDown 
Enter The Data Into DOB TextField 
 Select BloodGroupDropDown 
 Click On Submit Button ]]>
    </system-out>
  </testcase> <!-- PatientRegistration -->
  <system-out>
    <![CDATA[Navigate to Patient Info Page
Navigate to Patient Registration page
Read the data from Excel
 Enter The Data Into FirstNmae TextField
 Enter The Data Into LastName TextField
Select OdpPatientDropDown
 Enter The Data Into Address TextField
Enter The Data Into ContactNum TextField
 Enter The Data Into Email TextField
Select GenderDropDown 
Enter The Data Into DOB TextField 
 Select BloodGroupDropDown 
 Click On Submit Button ]]>
  </system-out>
</testsuite> <!-- com.comcast.crm.HMStest.PatientRegistrationTest -->
